<?xml version="1.0" encoding="UTF-8" ?>
<testsuite tests="28" failures="0" name="com.github.javafaker.FakerTest" time="0.04" errors="0" skipped="0">
  <properties>
[...]
</properties>
  <testcase classname="com.github.javafaker.FakerTest" name="regexifyShouldGenerateNumbers" time="0"/>
  <testcase classname="com.github.javafaker.FakerTest" name="bothifyShouldGenerateLettersAndNumbers" time="0.002"/>
  <testcase classname="com.github.javafaker.FakerTest" name="expression" time="0.007"/>
  <testcase classname="com.github.javafaker.FakerTest" name="regexifyShouldGenerateAlternations" time="0.001"/>
  <testcase classname="com.github.javafaker.FakerTest" name="badExpressionTooManyArgs" time="0"/>
  <testcase classname="com.github.javafaker.FakerTest" name="resolveShouldThrowExceptionWhenPropertyDoesntExist" time="0.004"/>
  <testcase classname="com.github.javafaker.FakerTest" name="badExpressionTooFewArgs" time="0"/>
  <testcase classname="com.github.javafaker.FakerTest" name="numerifyShouldLeaveNonSpecialCharactersAlone" time="0"/>
  <testcase classname="com.github.javafaker.FakerTest" name="regexifyShouldGenerateBracketsQuantifiers" time="0.001"/>
  <testcase classname="com.github.javafaker.FakerTest" name="regexifyShouldGenerateSameValueForFakerWithSameSeed" time="0"/>
  <testcase classname="com.github.javafaker.FakerTest" name="regexifyShouldGenerateBasicCharacterClasses" time="0.001"/>
  <testcase classname="com.github.javafaker.FakerTest" name="regexifyShouldGenerateMultipleCharacterClassRanges" time="0"/>
  <testcase classname="com.github.javafaker.FakerTest" name="regexifyShouldGenerateLetters" time="0.001"/>
  <testcase classname="com.github.javafaker.FakerTest" name="badExpressionCouldntCoerce" time="0.001"/>
  <testcase classname="com.github.javafaker.FakerTest" name="numberBetweenRepeated" time="0.007"/>
  <testcase classname="com.github.javafaker.FakerTest" name="fakerInstanceCanBeAcquiredViaUtilityMethods" time="0.001"/>
  <testcase classname="com.github.javafaker.FakerTest" name="letterifyShouldGenerateLetters" time="0"/>
  <testcase classname="com.github.javafaker.FakerTest" name="regexifyShouldGenerateMinMaxQuantifiers" time="0"/>
  <testcase classname="com.github.javafaker.FakerTest" name="numerifyShouldGenerateNumbers" time="0"/>
  <testcase classname="com.github.javafaker.FakerTest" name="regexifyShouldGenerateCharacterClassRanges" time="0"/>
  <testcase classname="com.github.javafaker.FakerTest" name="regexifyShouldGenerateBracketsQuantifiersOnBasicCharacterClasses" time="0.009"/>
  <testcase classname="com.github.javafaker.FakerTest" name="regexifyShouldGenerateEscapedCharacters" time="0"/>
  <testcase classname="com.github.javafaker.FakerTest" name="resolveShouldReturnValueThatExists" time="0.003"/>
  <testcase classname="com.github.javafaker.FakerTest" name="regexifyShouldGenerateBracketsQuantifiersOnCharacterClassRanges" time="0.001"/>
  <testcase classname="com.github.javafaker.FakerTest" name="letterifyShouldGenerateUpperCaseLetters" time="0"/>
  <testcase classname="com.github.javafaker.FakerTest" name="regexifyShouldGenerateBracketsQuantifiersOnAlternations" time="0"/>
  <testcase classname="com.github.javafaker.FakerTest" name="letterifyShouldLeaveNonSpecialCharactersAlone" time="0.001"/>
  <testcase classname="com.github.javafaker.FakerTest" name="regexifyShouldGenerateSingleCharacterQuantifiers" time="0"/>
</testsuite>