<?xml version="1.0" encoding="UTF-8" ?>
<testsuite tests="6" failures="0" name="com.github.javafaker.BojackHorsemanTest" time="0.104" errors="0" skipped="0">
  <properties>
[...]
</properties>
  <testcase classname="com.github.javafaker.BojackHorsemanTest" name="testCharacters1" time="0.001"/>
  <testcase classname="com.github.javafaker.BojackHorsemanTest" name="testQuotesWith10000Times" time="0.034"/>
  <testcase classname="com.github.javafaker.BojackHorsemanTest" name="testCharactersWith10000Times" time="0.031"/>
  <testcase classname="com.github.javafaker.BojackHorsemanTest" name="testTongueTwisters1" time="0.003"/>
  <testcase classname="com.github.javafaker.BojackHorsemanTest" name="testQuotes1" time="0.002"/>
  <testcase classname="com.github.javafaker.BojackHorsemanTest" name="testTongueTwistersWith10000Times" time="0.033"/>
</testsuite>