<?xml version="1.0" encoding="UTF-8" ?>
<testsuite tests="26" failures="0" name="com.github.javafaker.service.FakeValuesServiceTest" time="0.249" errors="0" skipped="0">
  <properties>
[...]
</properties>
  <testcase classname="com.github.javafaker.service.FakeValuesServiceTest" name="resolveKeyToPropertyWithAPropertyWithAnObject" time="0.128"/>
  <testcase classname="com.github.javafaker.service.FakeValuesServiceTest" name="fetchShouldReturnValue" time="0.003"/>
  <testcase classname="com.github.javafaker.service.FakeValuesServiceTest" name="fetchStringShouldReturnValue" time="0.001"/>
  <testcase classname="com.github.javafaker.service.FakeValuesServiceTest" name="testLocaleChainEnglish" time="0.001"/>
  <testcase classname="com.github.javafaker.service.FakeValuesServiceTest" name="expressionWithInvalidFakerObject" time="0.003"/>
  <testcase classname="com.github.javafaker.service.FakeValuesServiceTest" name="futureDateExpression" time="0.063"/>
  <testcase classname="com.github.javafaker.service.FakeValuesServiceTest" name="resolveKeyWithMultiplePropertiesShouldJoinResults" time="0.002"/>
  <testcase classname="com.github.javafaker.service.FakeValuesServiceTest" name="resolveKeyToPropertyWithAPropertyWithoutAnObject" time="0.004"/>
  <testcase classname="com.github.javafaker.service.FakeValuesServiceTest" name="bothify2Args" time="0.002"/>
  <testcase classname="com.github.javafaker.service.FakeValuesServiceTest" name="expressionWithValidFakerObjectValidMethodInvalidArgs" time="0.002"/>
  <testcase classname="com.github.javafaker.service.FakeValuesServiceTest" name="expressionCompletelyUnresolvable" time="0.002"/>
  <testcase classname="com.github.javafaker.service.FakeValuesServiceTest" name="testLocaleChainLanguageOnly" time="0.002"/>
  <testcase classname="com.github.javafaker.service.FakeValuesServiceTest" name="fetchObjectShouldReturnValue" time="0.001"/>
  <testcase classname="com.github.javafaker.service.FakeValuesServiceTest" name="regexifyDirective" time="0.002"/>
  <testcase classname="com.github.javafaker.service.FakeValuesServiceTest" name="safeFetchShouldReturnEmptyStringWhenPropertyDoesntExist" time="0.002"/>
  <testcase classname="com.github.javafaker.service.FakeValuesServiceTest" name="safeFetchShouldReturnSimpleList" time="0.003"/>
  <testcase classname="com.github.javafaker.service.FakeValuesServiceTest" name="regexifyDirective2" time="0.003"/>
  <testcase classname="com.github.javafaker.service.FakeValuesServiceTest" name="pastDateExpression" time="0.002"/>
  <testcase classname="com.github.javafaker.service.FakeValuesServiceTest" name="testLocaleChain" time="0.002"/>
  <testcase classname="com.github.javafaker.service.FakeValuesServiceTest" name="expressionWithValidFakerObjectButInvalidMethod" time="0.008"/>
  <testcase classname="com.github.javafaker.service.FakeValuesServiceTest" name="FakeValuesServiceWithNullLocaleTest" time="0.003"/>
  <testcase classname="com.github.javafaker.service.FakeValuesServiceTest" name="resolveKeyToPropertyWithAList" time="0.002"/>
  <testcase classname="com.github.javafaker.service.FakeValuesServiceTest" name="expressionWithFourArguments" time="0.003"/>
  <testcase classname="com.github.javafaker.service.FakeValuesServiceTest" name="safeFetchShouldReturnValueInList" time="0.001"/>
  <testcase classname="com.github.javafaker.service.FakeValuesServiceTest" name="resolveUsingTheSameKeyTwice" time="0.002"/>
  <testcase classname="com.github.javafaker.service.FakeValuesServiceTest" name="regexifySlashFormatDirective" time="0.002"/>
</testsuite>