<?xml version="1.0" encoding="UTF-8" ?>
<testsuite tests="32" failures="0" name="com.github.javafaker.InternetTest" time="1.1" errors="0" skipped="0">
  <properties>
[...]
</properties>
  <testcase classname="com.github.javafaker.InternetTest" name="testIpV4Cidr" time="0.065"/>
  <testcase classname="com.github.javafaker.InternetTest" name="testIpV6Cidr" time="0.159"/>
  <testcase classname="com.github.javafaker.InternetTest" name="testPrivateIpV4Address" time="0.031"/>
  <testcase classname="com.github.javafaker.InternetTest" name="testDomainName" time="0.023"/>
  <testcase classname="com.github.javafaker.InternetTest" name="testDomainWord" time="0.01"/>
  <testcase classname="com.github.javafaker.InternetTest" name="testSafeEmailAddressWithLocalPartParameter" time="0.036"/>
  <testcase classname="com.github.javafaker.InternetTest" name="testSlugWithNull" time="0.004"/>
  <testcase classname="com.github.javafaker.InternetTest" name="testSafeEmailAddressDoesNotIncludeAccentsInTheLocalPart" time="0.005"/>
  <testcase classname="com.github.javafaker.InternetTest" name="testUrl" time="0.015"/>
  <testcase classname="com.github.javafaker.InternetTest" name="testPublicIpV4Address" time="0.025"/>
  <testcase classname="com.github.javafaker.InternetTest" name="testImage" time="0.005"/>
  <testcase classname="com.github.javafaker.InternetTest" name="testIpV6" time="0.142"/>
  <testcase classname="com.github.javafaker.InternetTest" name="testSlug" time="0.004"/>
  <testcase classname="com.github.javafaker.InternetTest" name="testUuid" time="0.012"/>
  <testcase classname="com.github.javafaker.InternetTest" name="testIpV4Address" time="0.006"/>
  <testcase classname="com.github.javafaker.InternetTest" name="testDomainSuffix" time="0.005"/>
  <testcase classname="com.github.javafaker.InternetTest" name="testPasswordMinLengthMaxLength" time="0.001"/>
  <testcase classname="com.github.javafaker.InternetTest" name="testFarsiIDNs" time="0.455"/>
  <testcase classname="com.github.javafaker.InternetTest" name="testImageWithExplicitParams" time="0.003"/>
  <testcase classname="com.github.javafaker.InternetTest" name="testEmailAddress" time="0.009"/>
  <testcase classname="com.github.javafaker.InternetTest" name="testSafeEmailAddress" time="0.02"/>
  <testcase classname="com.github.javafaker.InternetTest" name="testPasswordIncludeDigit" time="0"/>
  <testcase classname="com.github.javafaker.InternetTest" name="testPasswordMinLengthMaxLengthIncludeUpperCase" time="0"/>
  <testcase classname="com.github.javafaker.InternetTest" name="testPasswordMinLengthMaxLengthIncludeUpperCaseIncludeSpecialIncludeDigit" time="0.002"/>
  <testcase classname="com.github.javafaker.InternetTest" name="testSlugWithParams" time="0.005"/>
  <testcase classname="com.github.javafaker.InternetTest" name="testEmailAddressDoesNotIncludeAccentsInTheLocalPart" time="0.003"/>
  <testcase classname="com.github.javafaker.InternetTest" name="testUserAgent" time="0.004"/>
  <testcase classname="com.github.javafaker.InternetTest" name="testAvatar" time="0.002"/>
  <testcase classname="com.github.javafaker.InternetTest" name="testEmailAddressWithLocalPartParameter" time="0.002"/>
  <testcase classname="com.github.javafaker.InternetTest" name="testMacAddress" time="0.046"/>
  <testcase classname="com.github.javafaker.InternetTest" name="testPasswordMinLengthMaxLengthIncludeUpperCaseIncludeSpecial" time="0.001"/>
  <testcase classname="com.github.javafaker.InternetTest" name="testPassword" time="0"/>
</testsuite>